[0.084s] [34mcolcon[0m [1;30mDEBUG[0m [32mCommand line arguments: ['/usr/bin/colcon', 'build'][0m
[0.084s] [34mcolcon[0m [1;30mDEBUG[0m [32mParsed command line arguments: Namespace(log_base=None, log_level=None, verb_name='build', build_base='build', install_base='install', merge_install=False, symlink_install=False, test_result_base=None, continue_on_error=False, executor='parallel', parallel_workers=16, event_handlers=None, ignore_user_meta=False, metas=['./colcon.meta'], base_paths=['.'], packages_ignore=None, packages_ignore_regex=None, paths=None, packages_up_to=None, packages_up_to_regex=None, packages_above=None, packages_above_and_dependencies=None, packages_above_depth=None, packages_select_by_dep=None, packages_skip_by_dep=None, packages_skip_up_to=None, packages_select_build_failed=False, packages_skip_build_finished=False, packages_select_test_failures=False, packages_skip_test_passed=False, packages_select=None, packages_skip=None, packages_select_regex=None, packages_skip_regex=None, packages_start=None, packages_end=None, allow_overriding=[], cmake_args=None, cmake_target=None, cmake_target_skip_unavailable=False, cmake_clean_cache=False, cmake_clean_first=False, cmake_force_configure=False, ament_cmake_args=None, catkin_cmake_args=None, catkin_skip_building_tests=False, verb_parser=<colcon_defaults.argument_parser.defaults.DefaultArgumentsDecorator object at 0x7305d9139f60>, verb_extension=<colcon_core.verb.build.BuildVerb object at 0x7305d9139b10>, main=<bound method BuildVerb.main of <colcon_core.verb.build.BuildVerb object at 0x7305d9139b10>>)[0m
[0.249s] [34mcolcon.colcon_core.package_discovery[0m [1;30mLevel 1[0m discover_packages(colcon_meta) check parameters
[0.249s] [34mcolcon.colcon_core.package_discovery[0m [1;30mLevel 1[0m discover_packages(recursive) check parameters
[0.249s] [34mcolcon.colcon_core.package_discovery[0m [1;30mLevel 1[0m discover_packages(ignore) check parameters
[0.249s] [34mcolcon.colcon_core.package_discovery[0m [1;30mLevel 1[0m discover_packages(path) check parameters
[0.249s] [34mcolcon.colcon_core.package_discovery[0m [1;30mLevel 1[0m discover_packages(colcon_meta) discover
[0.249s] [34mcolcon.colcon_core.package_discovery[0m [1;30mLevel 1[0m discover_packages(recursive) discover
[0.249s] [34mcolcon.colcon_core.package_discovery[0m [1;30mINFO[0m Crawling recursively for packages in '/home/mgshawn/Working_WS/AMR/Gazebo_Sim/src'
[0.249s] [34mcolcon.colcon_core.package_identification[0m [1;30mLevel 1[0m _identify(.) by extensions ['ignore', 'ignore_ament_install']
[0.249s] [34mcolcon.colcon_core.package_identification[0m [1;30mLevel 1[0m _identify(.) by extension 'ignore'
[0.249s] [34mcolcon.colcon_core.package_identification[0m [1;30mLevel 1[0m _identify(.) by extension 'ignore_ament_install'
[0.249s] [34mcolcon.colcon_core.package_identification[0m [1;30mLevel 1[0m _identify(.) by extensions ['colcon_pkg']
[0.249s] [34mcolcon.colcon_core.package_identification[0m [1;30mLevel 1[0m _identify(.) by extension 'colcon_pkg'
[0.249s] [34mcolcon.colcon_core.package_identification[0m [1;30mLevel 1[0m _identify(.) by extensions ['colcon_meta']
[0.249s] [34mcolcon.colcon_core.package_identification[0m [1;30mLevel 1[0m _identify(.) by extension 'colcon_meta'
[0.249s] [34mcolcon.colcon_core.package_identification[0m [1;30mLevel 1[0m _identify(.) by extensions ['ros']
[0.249s] [34mcolcon.colcon_core.package_identification[0m [1;30mLevel 1[0m _identify(.) by extension 'ros'
[0.258s] [34mcolcon.colcon_core.package_identification[0m [1;30mDEBUG[0m [32mPackage '.' with type 'ros.ament_python' and name 'originbot_gazebo'[0m
[0.258s] [34mcolcon.colcon_core.package_discovery[0m [1;30mLevel 1[0m discover_packages(recursive) using defaults
[0.259s] [34mcolcon.colcon_core.package_discovery[0m [1;30mLevel 1[0m discover_packages(ignore) discover
[0.259s] [34mcolcon.colcon_core.package_discovery[0m [1;30mLevel 1[0m discover_packages(ignore) using defaults
[0.259s] [34mcolcon.colcon_core.package_discovery[0m [1;30mLevel 1[0m discover_packages(path) discover
[0.259s] [34mcolcon.colcon_core.package_discovery[0m [1;30mLevel 1[0m discover_packages(path) using defaults
[0.270s] [34mcolcon.colcon_core.package_discovery[0m [1;30mLevel 1[0m discover_packages(prefix_path) check parameters
[0.270s] [34mcolcon.colcon_core.package_discovery[0m [1;30mLevel 1[0m discover_packages(prefix_path) discover
[0.272s] [34mcolcon.colcon_installed_package_information.package_discovery[0m [1;30mDEBUG[0m [32mFound 342 installed packages in /opt/ros/humble[0m
[0.273s] [34mcolcon.colcon_core.package_discovery[0m [1;30mLevel 1[0m discover_packages(prefix_path) using defaults
[0.302s] [34mcolcon.colcon_core.verb[0m [1;30mLevel 5[0m set package 'originbot_gazebo' build argument 'cmake_args' from command line to 'None'
[0.302s] [34mcolcon.colcon_core.verb[0m [1;30mLevel 5[0m set package 'originbot_gazebo' build argument 'cmake_target' from command line to 'None'
[0.302s] [34mcolcon.colcon_core.verb[0m [1;30mLevel 5[0m set package 'originbot_gazebo' build argument 'cmake_target_skip_unavailable' from command line to 'False'
[0.302s] [34mcolcon.colcon_core.verb[0m [1;30mLevel 5[0m set package 'originbot_gazebo' build argument 'cmake_clean_cache' from command line to 'False'
[0.302s] [34mcolcon.colcon_core.verb[0m [1;30mLevel 5[0m set package 'originbot_gazebo' build argument 'cmake_clean_first' from command line to 'False'
[0.302s] [34mcolcon.colcon_core.verb[0m [1;30mLevel 5[0m set package 'originbot_gazebo' build argument 'cmake_force_configure' from command line to 'False'
[0.302s] [34mcolcon.colcon_core.verb[0m [1;30mLevel 5[0m set package 'originbot_gazebo' build argument 'ament_cmake_args' from command line to 'None'
[0.302s] [34mcolcon.colcon_core.verb[0m [1;30mLevel 5[0m set package 'originbot_gazebo' build argument 'catkin_cmake_args' from command line to 'None'
[0.302s] [34mcolcon.colcon_core.verb[0m [1;30mLevel 5[0m set package 'originbot_gazebo' build argument 'catkin_skip_building_tests' from command line to 'False'
[0.302s] [34mcolcon.colcon_core.verb[0m [1;30mDEBUG[0m [32mBuilding package 'originbot_gazebo' with the following arguments: {'ament_cmake_args': None, 'build_base': '/home/mgshawn/Working_WS/AMR/Gazebo_Sim/src/build/originbot_gazebo', 'catkin_cmake_args': None, 'catkin_skip_building_tests': False, 'cmake_args': None, 'cmake_clean_cache': False, 'cmake_clean_first': False, 'cmake_force_configure': False, 'cmake_target': None, 'cmake_target_skip_unavailable': False, 'install_base': '/home/mgshawn/Working_WS/AMR/Gazebo_Sim/src/install/originbot_gazebo', 'merge_install': False, 'path': '/home/mgshawn/Working_WS/AMR/Gazebo_Sim/src', 'symlink_install': False, 'test_result_base': None}[0m
[0.302s] [34mcolcon.colcon_core.executor[0m [1;30mINFO[0m Executing jobs using 'parallel' executor
[0.304s] [34mcolcon.colcon_parallel_executor.executor.parallel[0m [1;30mDEBUG[0m [32mrun_until_complete[0m
[0.304s] [34mcolcon.colcon_ros.task.ament_python.build[0m [1;30mINFO[0m Building ROS package in '/home/mgshawn/Working_WS/AMR/Gazebo_Sim/src' with build type 'ament_python'
[0.304s] [34mcolcon.colcon_core.shell[0m [1;30mLevel 1[0m create_environment_hook('originbot_gazebo', 'ament_prefix_path')
[0.305s] [34mcolcon.colcon_core.plugin_system[0m [1;30mINFO[0m Skipping extension 'colcon_core.shell.bat': Not used on non-Windows systems
[0.305s] [34mcolcon.colcon_core.shell[0m [1;30mINFO[0m Creating environment hook '/home/mgshawn/Working_WS/AMR/Gazebo_Sim/src/install/originbot_gazebo/share/originbot_gazebo/hook/ament_prefix_path.ps1'
[0.306s] [34mcolcon.colcon_core.shell[0m [1;30mINFO[0m Creating environment descriptor '/home/mgshawn/Working_WS/AMR/Gazebo_Sim/src/install/originbot_gazebo/share/originbot_gazebo/hook/ament_prefix_path.dsv'
[0.306s] [34mcolcon.colcon_core.shell[0m [1;30mINFO[0m Creating environment hook '/home/mgshawn/Working_WS/AMR/Gazebo_Sim/src/install/originbot_gazebo/share/originbot_gazebo/hook/ament_prefix_path.sh'
[0.307s] [34mcolcon.colcon_core.shell[0m [1;30mINFO[0m Skip shell extension 'powershell' for command environment: Not usable outside of PowerShell
[0.307s] [34mcolcon.colcon_core.shell[0m [1;30mDEBUG[0m [32mSkip shell extension 'dsv' for command environment[0m
[0.522s] [34mcolcon.colcon_core.task.python.build[0m [1;30mINFO[0m Building Python package in '/home/mgshawn/Working_WS/AMR/Gazebo_Sim/src'
[0.522s] [34mcolcon.colcon_core.shell[0m [1;30mINFO[0m Skip shell extension 'powershell' for command environment: Not usable outside of PowerShell
[0.522s] [34mcolcon.colcon_core.shell[0m [1;30mDEBUG[0m [32mSkip shell extension 'dsv' for command environment[0m
[0.821s] [34mcolcon.colcon_core.event_handler.log_command[0m [1;30mDEBUG[0m [32mInvoking command in '/home/mgshawn/Working_WS/AMR/Gazebo_Sim/src': PYTHONPATH=/home/mgshawn/Working_WS/AMR/Gazebo_Sim/src/build/originbot_gazebo/prefix_override:/usr/lib/python3/dist-packages/colcon_core/task/python/colcon_distutils_commands:/home/mgshawn/Working_WS/AMR/Gazebo_Sim/src/install/originbot_gazebo/lib/python3.10/site-packages:${PYTHONPATH} /usr/bin/python3 -W ignore:setup.py install is deprecated -W ignore:easy_install command is deprecated setup.py egg_info --egg-base build/originbot_gazebo build --build-base /home/mgshawn/Working_WS/AMR/Gazebo_Sim/src/build/originbot_gazebo/build install --record /home/mgshawn/Working_WS/AMR/Gazebo_Sim/src/build/originbot_gazebo/install.log --single-version-externally-managed install_data[0m
[1.040s] [34mcolcon.colcon_core.event_handler.log_command[0m [1;30mDEBUG[0m [32mInvoked command in '/home/mgshawn/Working_WS/AMR/Gazebo_Sim/src' returned '1': PYTHONPATH=/home/mgshawn/Working_WS/AMR/Gazebo_Sim/src/build/originbot_gazebo/prefix_override:/usr/lib/python3/dist-packages/colcon_core/task/python/colcon_distutils_commands:/home/mgshawn/Working_WS/AMR/Gazebo_Sim/src/install/originbot_gazebo/lib/python3.10/site-packages:${PYTHONPATH} /usr/bin/python3 -W ignore:setup.py install is deprecated -W ignore:easy_install command is deprecated setup.py egg_info --egg-base build/originbot_gazebo build --build-base /home/mgshawn/Working_WS/AMR/Gazebo_Sim/src/build/originbot_gazebo/build install --record /home/mgshawn/Working_WS/AMR/Gazebo_Sim/src/build/originbot_gazebo/install.log --single-version-externally-managed install_data[0m
[1.050s] [34mcolcon.colcon_parallel_executor.executor.parallel[0m [1;30mDEBUG[0m [32mclosing loop[0m
[1.050s] [34mcolcon.colcon_parallel_executor.executor.parallel[0m [1;30mDEBUG[0m [32mloop closed[0m
[1.050s] [34mcolcon.colcon_parallel_executor.executor.parallel[0m [1;30mDEBUG[0m [32mrun_until_complete finished with '1'[0m
[1.050s] [34mcolcon.colcon_core.event_reactor[0m [1;30mDEBUG[0m [32mjoining thread[0m
[1.055s] [34mcolcon.colcon_core.plugin_system[0m [1;30mINFO[0m Skipping extension 'colcon_notification.desktop_notification.terminal_notifier': Not used on non-Darwin systems
[1.055s] [34mcolcon.colcon_core.plugin_system[0m [1;30mINFO[0m Skipping extension 'colcon_notification.desktop_notification.win32': Not used on non-Windows systems
[1.055s] [34mcolcon.colcon_notification.desktop_notification[0m [1;30mINFO[0m Sending desktop notification using 'notify2'
[1.062s] [34mcolcon.colcon_core.event_reactor[0m [1;30mDEBUG[0m [32mjoined thread[0m
[1.063s] [34mcolcon.colcon_core.shell[0m [1;30mINFO[0m Creating prefix script '/home/mgshawn/Working_WS/AMR/Gazebo_Sim/src/install/local_setup.ps1'
[1.064s] [34mcolcon.colcon_core.shell[0m [1;30mINFO[0m Creating prefix util module '/home/mgshawn/Working_WS/AMR/Gazebo_Sim/src/install/_local_setup_util_ps1.py'
[1.065s] [34mcolcon.colcon_core.shell[0m [1;30mINFO[0m Creating prefix chain script '/home/mgshawn/Working_WS/AMR/Gazebo_Sim/src/install/setup.ps1'
[1.066s] [34mcolcon.colcon_core.shell[0m [1;30mINFO[0m Creating prefix script '/home/mgshawn/Working_WS/AMR/Gazebo_Sim/src/install/local_setup.sh'
[1.066s] [34mcolcon.colcon_core.shell[0m [1;30mINFO[0m Creating prefix util module '/home/mgshawn/Working_WS/AMR/Gazebo_Sim/src/install/_local_setup_util_sh.py'
[1.067s] [34mcolcon.colcon_core.shell[0m [1;30mINFO[0m Creating prefix chain script '/home/mgshawn/Working_WS/AMR/Gazebo_Sim/src/install/setup.sh'
[1.067s] [34mcolcon.colcon_core.shell[0m [1;30mINFO[0m Creating prefix script '/home/mgshawn/Working_WS/AMR/Gazebo_Sim/src/install/local_setup.bash'
[1.068s] [34mcolcon.colcon_core.shell[0m [1;30mINFO[0m Creating prefix chain script '/home/mgshawn/Working_WS/AMR/Gazebo_Sim/src/install/setup.bash'
[1.068s] [34mcolcon.colcon_core.shell[0m [1;30mINFO[0m Creating prefix script '/home/mgshawn/Working_WS/AMR/Gazebo_Sim/src/install/local_setup.zsh'
[1.069s] [34mcolcon.colcon_core.shell[0m [1;30mINFO[0m Creating prefix chain script '/home/mgshawn/Working_WS/AMR/Gazebo_Sim/src/install/setup.zsh'
