running egg_info
writing build/originbot_gazebo/originbot_gazebo.egg-info/PKG-INFO
writing dependency_links to build/originbot_gazebo/originbot_gazebo.egg-info/dependency_links.txt
writing entry points to build/originbot_gazebo/originbot_gazebo.egg-info/entry_points.txt
writing requirements to build/originbot_gazebo/originbot_gazebo.egg-info/requires.txt
writing top-level names to build/originbot_gazebo/originbot_gazebo.egg-info/top_level.txt
reading manifest file 'build/originbot_gazebo/originbot_gazebo.egg-info/SOURCES.txt'
writing manifest file 'build/originbot_gazebo/originbot_gazebo.egg-info/SOURCES.txt'
running build
running build_py
running install
running install_lib
running install_data
copying resource/originbot_gazebo -> /home/mgshawn/Working_WS/AMR/Gazebo_Sim/src/install/originbot_gazebo/share/ament_index/resource_index/packages
copying package.xml -> /home/mgshawn/Working_WS/AMR/Gazebo_Sim/src/install/originbot_gazebo/share/originbot_gazebo
creating /home/mgshawn/Working_WS/AMR/Gazebo_Sim/src/install/originbot_gazebo/share/originbot_gazebo/launch
copying launch/originbot_gazebo.launch.py -> /home/mgshawn/Working_WS/AMR/Gazebo_Sim/src/install/originbot_gazebo/share/originbot_gazebo/launch
creating /home/mgshawn/Working_WS/AMR/Gazebo_Sim/src/install/originbot_gazebo/share/originbot_gazebo/urdf
copying urdf/rgbd_gazebo.xacro -> /home/mgshawn/Working_WS/AMR/Gazebo_Sim/src/install/originbot_gazebo/share/originbot_gazebo/urdf
copying urdf/camera_gazebo.xacro -> /home/mgshawn/Working_WS/AMR/Gazebo_Sim/src/install/originbot_gazebo/share/originbot_gazebo/urdf
copying urdf/lidar_gazebo.xacro -> /home/mgshawn/Working_WS/AMR/Gazebo_Sim/src/install/originbot_gazebo/share/originbot_gazebo/urdf
copying urdf/originbot_gazebo.xacro -> /home/mgshawn/Working_WS/AMR/Gazebo_Sim/src/install/originbot_gazebo/share/originbot_gazebo/urdf
copying urdf/base_gazebo.xacro -> /home/mgshawn/Working_WS/AMR/Gazebo_Sim/src/install/originbot_gazebo/share/originbot_gazebo/urdf
copying urdf/originbot_with_rgbd_gazebo.xacro -> /home/mgshawn/Working_WS/AMR/Gazebo_Sim/src/install/originbot_gazebo/share/originbot_gazebo/urdf
creating /home/mgshawn/Working_WS/AMR/Gazebo_Sim/src/install/originbot_gazebo/share/originbot_gazebo/meshes
copying meshes/kinect.tga -> /home/mgshawn/Working_WS/AMR/Gazebo_Sim/src/install/originbot_gazebo/share/originbot_gazebo/meshes
copying meshes/kinect.dae -> /home/mgshawn/Working_WS/AMR/Gazebo_Sim/src/install/originbot_gazebo/share/originbot_gazebo/meshes
copying meshes/kinect.jpg -> /home/mgshawn/Working_WS/AMR/Gazebo_Sim/src/install/originbot_gazebo/share/originbot_gazebo/meshes
creating /home/mgshawn/Working_WS/AMR/Gazebo_Sim/src/install/originbot_gazebo/share/originbot_gazebo/urdf/sensors
creating /home/mgshawn/Working_WS/AMR/Gazebo_Sim/src/install/originbot_gazebo/share/originbot_gazebo/worlds
copying worlds/line_follower.world -> /home/mgshawn/Working_WS/AMR/Gazebo_Sim/src/install/originbot_gazebo/share/originbot_gazebo/worlds
copying worlds/cloister.world -> /home/mgshawn/Working_WS/AMR/Gazebo_Sim/src/install/originbot_gazebo/share/originbot_gazebo/worlds
copying worlds/new_track.world -> /home/mgshawn/Working_WS/AMR/Gazebo_Sim/src/install/originbot_gazebo/share/originbot_gazebo/worlds
copying worlds/empty_world.model -> /home/mgshawn/Working_WS/AMR/Gazebo_Sim/src/install/originbot_gazebo/share/originbot_gazebo/worlds
creating /home/mgshawn/Working_WS/AMR/Gazebo_Sim/src/install/originbot_gazebo/share/originbot_gazebo/rviz
copying rviz/urdf.rviz -> /home/mgshawn/Working_WS/AMR/Gazebo_Sim/src/install/originbot_gazebo/share/originbot_gazebo/rviz
running install_egg_info
Copying build/originbot_gazebo/originbot_gazebo.egg-info to /home/mgshawn/Working_WS/AMR/Gazebo_Sim/src/install/originbot_gazebo/lib/python3.10/site-packages/originbot_gazebo-0.0.0-py3.10.egg-info
running install_scripts
writing list of installed files to '/home/mgshawn/Working_WS/AMR/Gazebo_Sim/src/build/originbot_gazebo/install.log'
