/home/mgshawn/Working_WS/AMR/Gazebo_Sim/src/install/originbot_gazebo/lib/python3.10/site-packages/originbot_gazebo/__init__.py
/home/mgshawn/Working_WS/AMR/Gazebo_Sim/src/install/originbot_gazebo/lib/python3.10/site-packages/originbot_gazebo/__pycache__/__init__.cpython-310.pyc
/home/mgshawn/Working_WS/AMR/Gazebo_Sim/src/install/originbot_gazebo/share/ament_index/resource_index/packages/originbot_gazebo
/home/mgshawn/Working_WS/AMR/Gazebo_Sim/src/install/originbot_gazebo/share/originbot_gazebo/package.xml
/home/mgshawn/Working_WS/AMR/Gazebo_Sim/src/install/originbot_gazebo/share/originbot_gazebo/launch/originbot_gazebo.launch.py
/home/mgshawn/Working_WS/AMR/Gazebo_Sim/src/install/originbot_gazebo/share/originbot_gazebo/urdf/rgbd_gazebo.xacro
/home/mgshawn/Working_WS/AMR/Gazebo_Sim/src/install/originbot_gazebo/share/originbot_gazebo/urdf/camera_gazebo.xacro
/home/mgshawn/Working_WS/AMR/Gazebo_Sim/src/install/originbot_gazebo/share/originbot_gazebo/urdf/lidar_gazebo.xacro
/home/mgshawn/Working_WS/AMR/Gazebo_Sim/src/install/originbot_gazebo/share/originbot_gazebo/urdf/originbot_gazebo.xacro
/home/mgshawn/Working_WS/AMR/Gazebo_Sim/src/install/originbot_gazebo/share/originbot_gazebo/urdf/base_gazebo.xacro
/home/mgshawn/Working_WS/AMR/Gazebo_Sim/src/install/originbot_gazebo/share/originbot_gazebo/urdf/originbot_with_rgbd_gazebo.xacro
/home/mgshawn/Working_WS/AMR/Gazebo_Sim/src/install/originbot_gazebo/share/originbot_gazebo/meshes/kinect.tga
/home/mgshawn/Working_WS/AMR/Gazebo_Sim/src/install/originbot_gazebo/share/originbot_gazebo/meshes/kinect.dae
/home/mgshawn/Working_WS/AMR/Gazebo_Sim/src/install/originbot_gazebo/share/originbot_gazebo/meshes/kinect.jpg
/home/mgshawn/Working_WS/AMR/Gazebo_Sim/src/install/originbot_gazebo/share/originbot_gazebo/urdf/sensors
/home/mgshawn/Working_WS/AMR/Gazebo_Sim/src/install/originbot_gazebo/share/originbot_gazebo/worlds/line_follower.world
/home/mgshawn/Working_WS/AMR/Gazebo_Sim/src/install/originbot_gazebo/share/originbot_gazebo/worlds/cloister.world
/home/mgshawn/Working_WS/AMR/Gazebo_Sim/src/install/originbot_gazebo/share/originbot_gazebo/worlds/new_track.world
/home/mgshawn/Working_WS/AMR/Gazebo_Sim/src/install/originbot_gazebo/share/originbot_gazebo/worlds/empty_world.model
/home/mgshawn/Working_WS/AMR/Gazebo_Sim/src/install/originbot_gazebo/share/originbot_gazebo/rviz/urdf.rviz
/home/mgshawn/Working_WS/AMR/Gazebo_Sim/src/install/originbot_gazebo/lib/python3.10/site-packages/originbot_gazebo-0.0.0-py3.10.egg-info/requires.txt
/home/mgshawn/Working_WS/AMR/Gazebo_Sim/src/install/originbot_gazebo/lib/python3.10/site-packages/originbot_gazebo-0.0.0-py3.10.egg-info/dependency_links.txt
/home/mgshawn/Working_WS/AMR/Gazebo_Sim/src/install/originbot_gazebo/lib/python3.10/site-packages/originbot_gazebo-0.0.0-py3.10.egg-info/entry_points.txt
/home/mgshawn/Working_WS/AMR/Gazebo_Sim/src/install/originbot_gazebo/lib/python3.10/site-packages/originbot_gazebo-0.0.0-py3.10.egg-info/top_level.txt
/home/mgshawn/Working_WS/AMR/Gazebo_Sim/src/install/originbot_gazebo/lib/python3.10/site-packages/originbot_gazebo-0.0.0-py3.10.egg-info/PKG-INFO
/home/mgshawn/Working_WS/AMR/Gazebo_Sim/src/install/originbot_gazebo/lib/python3.10/site-packages/originbot_gazebo-0.0.0-py3.10.egg-info/SOURCES.txt
/home/mgshawn/Working_WS/AMR/Gazebo_Sim/src/install/originbot_gazebo/lib/python3.10/site-packages/originbot_gazebo-0.0.0-py3.10.egg-info/zip-safe
