[0.517s] Invoking command in '/home/mgshawn/Working_WS/AMR/Gazebo_Sim/src': PYTHONPATH=/home/mgshawn/Working_WS/AMR/Gazebo_Sim/src/build/originbot_gazebo/prefix_override:/usr/lib/python3/dist-packages/colcon_core/task/python/colcon_distutils_commands:/home/mgshawn/Working_WS/AMR/Gazebo_Sim/src/install/originbot_gazebo/lib/python3.10/site-packages:${PYTHONPATH} /usr/bin/python3 -W ignore:setup.py install is deprecated -W ignore:easy_install command is deprecated setup.py egg_info --egg-base build/originbot_gazebo build --build-base /home/mgshawn/Working_WS/AMR/Gazebo_Sim/src/build/originbot_gazebo/build install --record /home/mgshawn/Working_WS/AMR/Gazebo_Sim/src/build/originbot_gazebo/install.log --single-version-externally-managed install_data
[0.717s] running egg_info
[0.718s] creating build/originbot_gazebo/originbot_gazebo.egg-info
[0.718s] writing build/originbot_gazebo/originbot_gazebo.egg-info/PKG-INFO
[0.718s] writing dependency_links to build/originbot_gazebo/originbot_gazebo.egg-info/dependency_links.txt
[0.718s] writing entry points to build/originbot_gazebo/originbot_gazebo.egg-info/entry_points.txt
[0.718s] writing requirements to build/originbot_gazebo/originbot_gazebo.egg-info/requires.txt
[0.719s] writing top-level names to build/originbot_gazebo/originbot_gazebo.egg-info/top_level.txt
[0.719s] writing manifest file 'build/originbot_gazebo/originbot_gazebo.egg-info/SOURCES.txt'
[0.720s] reading manifest file 'build/originbot_gazebo/originbot_gazebo.egg-info/SOURCES.txt'
[0.720s] writing manifest file 'build/originbot_gazebo/originbot_gazebo.egg-info/SOURCES.txt'
[0.720s] running build
[0.720s] running build_py
[0.721s] creating /home/mgshawn/Working_WS/AMR/Gazebo_Sim/src/build/originbot_gazebo/build
[0.721s] creating /home/mgshawn/Working_WS/AMR/Gazebo_Sim/src/build/originbot_gazebo/build/lib
[0.721s] creating /home/mgshawn/Working_WS/AMR/Gazebo_Sim/src/build/originbot_gazebo/build/lib/originbot_gazebo
[0.721s] copying originbot_gazebo/__init__.py -> /home/mgshawn/Working_WS/AMR/Gazebo_Sim/src/build/originbot_gazebo/build/lib/originbot_gazebo
[0.721s] running install
[0.721s] running install_lib
[0.721s] creating /home/mgshawn/Working_WS/AMR/Gazebo_Sim/src/install/originbot_gazebo/lib/python3.10/site-packages/originbot_gazebo
[0.721s] copying /home/mgshawn/Working_WS/AMR/Gazebo_Sim/src/build/originbot_gazebo/build/lib/originbot_gazebo/__init__.py -> /home/mgshawn/Working_WS/AMR/Gazebo_Sim/src/install/originbot_gazebo/lib/python3.10/site-packages/originbot_gazebo
[0.722s] byte-compiling /home/mgshawn/Working_WS/AMR/Gazebo_Sim/src/install/originbot_gazebo/lib/python3.10/site-packages/originbot_gazebo/__init__.py to __init__.cpython-310.pyc
[0.722s] running install_data
[0.722s] creating /home/mgshawn/Working_WS/AMR/Gazebo_Sim/src/install/originbot_gazebo/share/ament_index
[0.722s] creating /home/mgshawn/Working_WS/AMR/Gazebo_Sim/src/install/originbot_gazebo/share/ament_index/resource_index
[0.722s] creating /home/mgshawn/Working_WS/AMR/Gazebo_Sim/src/install/originbot_gazebo/share/ament_index/resource_index/packages
[0.722s] error: can't copy 'resource/originbot_gazebo': doesn't exist or not a regular file
[0.736s] Invoked command in '/home/mgshawn/Working_WS/AMR/Gazebo_Sim/src' returned '1': PYTHONPATH=/home/mgshawn/Working_WS/AMR/Gazebo_Sim/src/build/originbot_gazebo/prefix_override:/usr/lib/python3/dist-packages/colcon_core/task/python/colcon_distutils_commands:/home/mgshawn/Working_WS/AMR/Gazebo_Sim/src/install/originbot_gazebo/lib/python3.10/site-packages:${PYTHONPATH} /usr/bin/python3 -W ignore:setup.py install is deprecated -W ignore:easy_install command is deprecated setup.py egg_info --egg-base build/originbot_gazebo build --build-base /home/mgshawn/Working_WS/AMR/Gazebo_Sim/src/build/originbot_gazebo/build install --record /home/mgshawn/Working_WS/AMR/Gazebo_Sim/src/build/originbot_gazebo/install.log --single-version-externally-managed install_data
